
t =    0.0000 START

t =    0.0000 CONTINUE SOLVER BD 0.020 0.001 0. ABL                                                                                             
t =    0.0000 + 0.0010 : net it  0 NET   0.4049E-03             1 NET JU  
                         inj it  0 INJ   0.2274E-12               45  JU    45 S  =>  0.2837E-14 (g20)
                                   NET   0.4049E-03         
                         inj it  1 INJ   0.2274E-12            
t =    0.0010 + 0.0010 : net it  0 NET   0.4049E-03             1 NET JU  
                         inj it  0 INJ   0.2274E-12               45  JU    45 S  =>  0.2755E-14 (g20)
                                   NET   0.4049E-03         
                         inj it  1 INJ   0.2274E-12            
t =    0.0020 + 0.0200 : net it  0 NET   0.4049E-03             1 NET JU  
                         inj it  0 INJ   0.4547E-12               45  JU    45 S  =>  0.2014E-13 (g2)
                                   NET   0.4049E-03         
                         inj it  1 INJ   0.1023E-10            
t =    0.0220 + 0.0200 : net it  0 NET   0.4049E-03             1 NET JU  
                         inj it  0 INJ   0.6949E-11               45  JU    45 S  =>  0.2179E-13 (g2)
                                   NET   0.4049E-03         
                         inj it  1 INJ   0.6281E-11            
t =    0.0420 + 0.0200 : net it  0 NET   0.4049E-03                       
                         inj it  0 INJ   0.6423E-11                         45 S  =>  0.1555E-13 (g4)
                                   NET   0.4049E-03         
                         inj it  1 INJ   0.2373E-11            
t =    0.0620 + 0.0200 : net it  0 NET   0.4049E-03                       
                         inj it  0 INJ   0.3240E-11                         45 S  =>  0.6443E-14 (g20)
                                   NET   0.4049E-03         
                         inj it  1 INJ   0.2373E-11            
t =    0.0820 + 0.0200 : net it  0 NET   0.4049E-03                       
                         inj it  0 INJ   0.3268E-11                         45 S  =>  0.7302E-14 (g2)
                                   NET   0.4049E-03         
                         inj it  1 INJ   0.2444E-11            
t =    0.1020 + 0.0200 : net it  0 NET   0.4049E-03                       
                         inj it  0 INJ   0.2473E-11                         45 S  =>  0.4441E-14 (g2)
                                   NET   0.4049E-03         
                         inj it  1 INJ   0.1393E-11            
t =    0.1220 + 0.0200 : net it  0 NET   0.4049E-03                       
                         inj it  0 INJ   0.1705E-11                         45 S  =>  0.3982E-14 (g12)
                                   NET   0.4049E-03         
                         inj it  1 INJ   0.1222E-11            
t =    0.1420 + 0.0200 : net it  0 NET   0.4049E-03                       
                         inj it  0 INJ   0.1080E-11                         45 S  =>  0.5557E-14 (g4)
                                   NET   0.4049E-03         
                         inj it  1 INJ   0.9663E-12            
t =    0.1620 + 0.0200 : net it  0 NET   0.4049E-03                       
                         inj it  0 INJ   0.7105E-12                         45 S  =>  0.3400E-14 (g8)
                                   NET   0.4049E-03         
                         inj it  1 INJ   0.1194E-11            
t =    0.1820 + 0.0200 : net it  0 NET   0.4049E-03                       
                         inj it  0 INJ   0.7674E-12                         45 S  =>  0.4017E-14 (g3)
                                   NET   0.4049E-03         
                         inj it  1 INJ   0.1080E-11            
t =    0.2020 + 0.0200 : net it  0 NET   0.4049E-03                       
                         inj it  0 INJ   0.6821E-12                         45 S  =>  0.3506E-14 (g20)
                                   NET   0.4049E-03         
                         inj it  1 INJ   0.5542E-12            
t =    0.2220 + 0.0200 : net it  0 NET   0.4049E-03                       
                         inj it  0 INJ   0.5400E-12                         45 S  =>  0.4187E-14 (g12)
                                   NET   0.4049E-03         
                         inj it  1 INJ   0.1762E-11            
t =    0.2420 + 0.0200 : net it  0 NET   0.4049E-03                       
                         inj it  0 INJ   0.1165E-11                         45 S  =>  0.5460E-14 (g4)
                                   NET   0.4049E-03         
                         inj it  1 INJ   0.9948E-12            
t =    0.2620 + 0.0200 : net it  0 NET   0.4049E-03                       
                         inj it  0 INJ   0.7674E-12                         45 S  =>  0.3329E-14 (g4)
                                   NET   0.4049E-03         
                         inj it  1 INJ   0.1251E-11            
t =    0.2820 + 0.0200 : net it  0 NET   0.4049E-03                       
                         inj it  0 INJ   0.8811E-12                         45 S  =>  0.3614E-14 (g12)
                                   NET   0.4049E-03         
                         inj it  1 INJ   0.9663E-12            
t =    0.3020 + 0.0200 : net it  0 NET   0.4049E-03                       
                         inj it  0 INJ   0.5684E-12                         45 S  =>  0.3799E-14 (g4)
                                   NET   0.4049E-03         
                         inj it  1 INJ   0.1364E-11            
t =    0.3220 + 0.0200 : net it  0 NET   0.4049E-03                       
                         inj it  0 INJ   0.8811E-12                         45 S  =>  0.2612E-14 (g2)
                                   NET   0.4049E-03         
                         inj it  1 INJ   0.5969E-12            
t =    0.3420 + 0.0200 : net it  0 NET   0.4049E-03                       
                         inj it  0 INJ   0.8527E-12                         45 S  =>  0.4964E-14 (g4)
                                   NET   0.4049E-03         
                         inj it  1 INJ   0.1535E-11            
t =    0.3620 + 0.0200 : net it  0 NET   0.4049E-03                       
                         inj it  0 INJ   0.9379E-12                         45 S  =>  0.5942E-14 (g4)
                                   NET   0.4049E-03         
                         inj it  1 INJ   0.1393E-11            
t =    0.3820 + 0.0200 : net it  0 NET   0.4049E-03                       
                         inj it  0 INJ   0.5400E-12                         45 S  =>  0.3639E-14 (g12)
                                   NET   0.4049E-03         
                         inj it  1 INJ   0.9095E-12            
t =    0.4020 + 0.0200 : net it  0 NET   0.4049E-03                       
                         inj it  0 INJ   0.5400E-12                         45 S  =>  0.2809E-14 (g4)
                                   NET   0.4049E-03         
                         inj it  1 INJ   0.1677E-11            
t =    0.4220 + 0.0200 : net it  0 NET   0.4049E-03                       
                         inj it  0 INJ   0.1364E-11                         45 S  =>  0.6474E-14 (g4)
                                   NET   0.4049E-03         
                         inj it  1 INJ   0.1364E-11            
t =    0.4420 + 0.0200 : net it  0 NET   0.4049E-03                       
                         inj it  0 INJ   0.5969E-12                         45 S  =>  0.3633E-14 (g4)
                                   NET   0.4049E-03         
                         inj it  1 INJ   0.1705E-11            
t =    0.4620 + 0.0200 : net it  0 NET   0.4049E-03                       
                         inj it  0 INJ   0.8811E-12                         45 S  =>  0.4263E-14 (g12)
                                   NET   0.4049E-03         
                         inj it  1 INJ   0.1194E-11            
t =    0.4820 + 0.0200 : net it  0 NET   0.4049E-03                       
                         inj it  0 INJ   0.7105E-12                         45 S  =>  0.4016E-14 (g1)
                                   NET   0.4049E-03         
                         inj it  1 INJ   0.1222E-11            
t =    0.5020 + 0.0200 : net it  0 NET   0.4049E-03                       
                         inj it  0 INJ   0.5400E-12                         45 S  =>  0.2345E-14 (g2)
                                   NET   0.4049E-03         
                         inj it  1 INJ   0.1251E-11            
t =    0.5220 + 0.0200 : net it  0 NET   0.4049E-03                       
                         inj it  0 INJ   0.7390E-12                         45 S  =>  0.3512E-14 (g20)
                                   NET   0.4049E-03         
                         inj it  1 INJ   0.1279E-11            
t =    0.5420 + 0.0200 : net it  0 NET   0.4049E-03                       
                         inj it  0 INJ   0.5116E-12                         45 S  =>  0.3089E-14 (g9)
                                   NET   0.4049E-03         
                         inj it  1 INJ   0.9663E-12            
t =    0.5620 + 0.0200 : net it  0 NET   0.4049E-03                       
                         inj it  0 INJ   0.6821E-12                         45 S  =>  0.4251E-14 (g12)
                                   NET   0.4049E-03         
                         inj it  1 INJ   0.1336E-11            
t =    0.5820 + 0.0200 : net it  0 NET   0.4049E-03                       
                         inj it  0 INJ   0.1108E-11                         45 S  =>  0.6865E-14 (g4)
                                   NET   0.4049E-03         
                         inj it  1 INJ   0.1876E-11            
t =    0.6020 + 0.0200 : net it  0 NET   0.4049E-03                       
                         inj it  0 INJ   0.1052E-11                         45 S  =>  0.5875E-14 (g4)
                                   NET   0.4049E-03         
                         inj it  1 INJ   0.1393E-11            
t =    0.6220 + 0.0200 : net it  0 NET   0.4049E-03                       
                         inj it  0 INJ   0.6537E-12                         45 S  =>  0.3209E-14 (g4)
                                   NET   0.4049E-03         
                         inj it  1 INJ   0.1052E-11            
t =    0.6420 + 0.0200 : net it  0 NET   0.4049E-03                       
                         inj it  0 INJ   0.3695E-12                         45 S  =>  0.2527E-14 (g2)
                                   NET   0.4049E-03         
                         inj it  1 INJ   0.1080E-11            
t =    0.6620 + 0.0200 : net it  0 NET   0.4049E-03                       
                         inj it  0 INJ   0.1023E-11                         45 S  =>  0.5666E-14 (g4)
                                   NET   0.4049E-03         
                         inj it  1 INJ   0.1535E-11            
t =    0.6820 + 0.0200 : net it  0 NET   0.4049E-03                       
                         inj it  0 INJ   0.7674E-12                         45 S  =>  0.3542E-14 (g4)
                                   NET   0.4049E-03         
                         inj it  1 INJ   0.1251E-11            
t =    0.7020 + 0.0200 : net it  0 NET   0.4049E-03                       
                         inj it  0 INJ   0.5684E-12                         45 S  =>  0.3230E-14 (g9)
                                   NET   0.4049E-03         
                         inj it  1 INJ   0.9095E-12            
t =    0.7220 + 0.0200 : net it  0 NET   0.4049E-03                       
                         inj it  0 INJ   0.4547E-12                         45 S  =>  0.2444E-14 (g9)
                                   NET   0.4049E-03         
                         inj it  1 INJ   0.1194E-11            
t =    0.7420 + 0.0200 : net it  0 NET   0.4049E-03                       
                         inj it  0 INJ   0.7958E-12                         45 S  =>  0.2452E-14 (g17)
                                   NET   0.4049E-03         
                         inj it  1 INJ   0.9663E-12            
t =    0.7620 + 0.0200 : net it  0 NET   0.4049E-03                       
                         inj it  0 INJ   0.6821E-12                         45 S  =>  0.3512E-14 (g20)
                                   NET   0.4049E-03         
                         inj it  1 INJ   0.1307E-11            
t =    0.7820 + 0.0200 : net it  0 NET   0.4049E-03                       
                         inj it  0 INJ   0.9663E-12                         45 S  =>  0.4231E-14 (g4)
                                   NET   0.4049E-03         
                         inj it  1 INJ   0.9379E-12            
t =    0.8020 + 0.0200 : net it  0 NET   0.4049E-03                       
                         inj it  0 INJ   0.5400E-12                         45 S  =>  0.2034E-14 (g17)
                                   NET   0.4049E-03         
                         inj it  1 INJ   0.9948E-12            
t =    0.8220 + 0.0200 : net it  0 NET   0.4049E-03                       
                         inj it  0 INJ   0.8242E-12                         45 S  =>  0.4000E-14 (g9)
                                   NET   0.4049E-03         
                         inj it  1 INJ   0.1251E-11            
t =    0.8420 + 0.0200 : net it  0 NET   0.4049E-03                       
                         inj it  0 INJ   0.9095E-12                         45 S  =>  0.3512E-14 (g20)
                                   NET   0.4049E-03         
                         inj it  1 INJ   0.8242E-12            
t =    0.8620 + 0.0200 : net it  0 NET   0.4049E-03                       
                         inj it  0 INJ   0.5116E-12                         45 S  =>  0.2722E-14 (g5)
                                   NET   0.4049E-03         
                         inj it  1 INJ   0.6537E-12            
t =    0.8820 + 0.0200 : net it  0 NET   0.4049E-03                       
                         inj it  0 INJ   0.3695E-12                         45 S  =>  0.2841E-14 (g2)
                                   NET   0.4049E-03         
                         inj it  1 INJ   0.7816E-12            
t =    0.9020 + 0.0200 : net it  0 NET   0.4049E-03                       
                         inj it  0 INJ   0.5116E-12                         45 S  =>  0.2857E-14 (g2)
                                   NET   0.4049E-03         
                         inj it  1 INJ   0.9095E-12            
t =    0.9220 + 0.0200 : net it  0 NET   0.4049E-03                       
                         inj it  0 INJ   0.5684E-12                         45 S  =>  0.3512E-14 (g20)
                                   NET   0.4049E-03         
                         inj it  1 INJ   0.8242E-12            
t =    0.9420 + 0.0200 : net it  0 NET   0.4049E-03                       
                         inj it  0 INJ   0.4547E-12                         45 S  =>  0.2722E-14 (g5)
                                   NET   0.4049E-03         
                         inj it  1 INJ   0.6537E-12            
t =    0.9620 + 0.0200 : net it  0 NET   0.4049E-03                       
                         inj it  0 INJ   0.5684E-12                         45 S  =>  0.2452E-14 (g17)
                                   NET   0.4049E-03         
                         inj it  1 INJ   0.9663E-12            
t =    0.9820 + 0.0200 : net it  0 NET   0.4049E-03                       
                         inj it  0 INJ   0.6253E-12                         45 S  =>  0.3060E-14 (g2)
                                   NET   0.4049E-03         
                         inj it  1 INJ   0.7105E-12            
t =    1.0020 + 0.0200 : net it  0 NET   0.4049E-03                       
                         inj it  0 INJ   0.7674E-12                         45 S  =>  0.4152E-14 (g9)
                                   NET   0.4049E-03         
                         inj it  1 INJ   0.1165E-11            
t =    1.0220 + 0.0200 : net it  0 NET   0.4049E-03                       
                         inj it  0 INJ   0.6537E-12                         45 S  =>  0.3012E-14 (g15)
                                   NET   0.4049E-03         
                         inj it  1 INJ   0.1364E-11            
t =    1.0420 + 0.0200 : net it  0 NET   0.4049E-03                       
                         inj it  0 INJ   0.5400E-12                         45 S  =>  0.2431E-14 (g15)
                                   NET   0.4049E-03         
                         inj it  1 INJ   0.9379E-12            
t =    1.0620 + 0.0200 : net it  0 NET   0.4049E-03                       
                         inj it  0 INJ   0.5116E-12                         45 S  =>  0.2868E-14 (g9)
                                   NET   0.4049E-03         
                         inj it  1 INJ   0.9095E-12            
t =    1.0820 + 0.0180 : net it  0 NET   0.4049E-03             1 NET JU  
                         inj it  0 INJ   0.4832E-12               45  JU    45 S  =>  0.1829E-13 (g4)
                                   NET   0.4049E-03         
                         inj it  1 INJ   0.9237E-11            
t =    1.1000          Horizon reached 
